<?xml version="1.0" encoding="UTF-8"?>
<testsuite name="com.pathfoss.vivoxia.ExampleUnitTest" tests="1" skipped="0" failures="0" errors="0" timestamp="2024-02-11T13:30:58" hostname="y5FtAhGlElHB" time="0.001">
  <properties/>
  <testcase name="addition_isCorrect" classname="com.pathfoss.vivoxia.ExampleUnitTest" time="0.001"/>
  <system-out><![CDATA[]]></system-out>
  <system-err><![CDATA[]]></system-err>
</testsuite>
